This is pdfTeX, Version 3.1415926-2.3-1.40.12 (MiKTeX 2.9) (preloaded format=pdflatex 2022.5.21)  10 JUN 2024 20:28
entering extended mode
**F:/æ™ºèƒ½ç®—æ³•/ä¼˜åŒ–/elsarticle-template/EIJ_100486/xuanpaper_text.tex
(F:/æ™ºèƒ½ç®—æ³•/ä¼˜åŒ–/elsarticle-template/EIJ_100486/xuanpaper_text.tex
LaTeX2e <2011/06/27>
Babel <v3.8m> and hyphenation patterns for loaded.
(F:\æ™ºèƒ½ç®—æ³•\ä¼˜åŒ–\elsarticle-template\EIJ_100486\elsarticle.cls
Document Class: elsarticle 2020/11/20, 3.3: Elsevier Ltd
(F:\CTEX\MiKTeX\tex\latex\l3kernel\expl3.sty
(F:\CTEX\MiKTeX\tex\latex\l3kernel\l3names.sty
(F:\CTEX\MiKTeX\tex\latex\l3kernel\l3bootstrap.sty
Package: l3bootstrap 2011/12/29 v3110 L3 Experimental bootstrap code
)
Package: l3names 2011/12/30 v3113 L3 Experimental namespace for primitives
)
(F:\CTEX\MiKTeX\tex\latex\misc\etex.sty
Package: etex 1998/03/26 v2.0 eTeX basic definition package (PEB)
\et@xins=\count79
)
Package: expl3 2012/02/26 v3471 L3 Experimental code bundle wrapper

(F:\CTEX\MiKTeX\tex\latex\graphics\color.sty
Package: color 2005/11/14 v1.0j Standard LaTeX Color (DPC)

(F:\CTEX\MiKTeX\tex\latex\00miktex\color.cfg
File: color.cfg 2007/01/18 v1.5 color configuration of teTeX/TeXLive
)
Package color Info: Driver file: pdftex.def on input line 130.

(F:\CTEX\MiKTeX\tex\latex\pdftex-def\pdftex.def
File: pdftex.def 2011/05/27 v0.06d Graphics/color for pdfTeX

(F:\CTEX\MiKTeX\tex\generic\oberdiek\infwarerr.sty
Package: infwarerr 2010/04/08 v1.3 Providing info/warning/message (HO)
)
(F:\CTEX\MiKTeX\tex\generic\oberdiek\ltxcmds.sty
Package: ltxcmds 2011/04/18 v1.20 LaTeX kernel commands for general use (HO)
)
\Gread@gobject=\count80
))
(F:\CTEX\MiKTeX\tex\latex\graphics\graphics.sty
Package: graphics 2009/02/05 v1.0o Standard LaTeX Graphics (DPC,SPQR)

(F:\CTEX\MiKTeX\tex\latex\graphics\trig.sty
Package: trig 1999/03/16 v1.09 sin cos tan (DPC)
)
(F:\CTEX\MiKTeX\tex\latex\00miktex\graphics.cfg
File: graphics.cfg 2007/01/18 v1.5 graphics configuration of teTeX/TeXLive
)
Package graphics Info: Driver file: pdftex.def on input line 91.
)
(F:\CTEX\MiKTeX\tex\latex\l3kernel\l3basics.sty
Package: l3basics 2012/02/26 v3460 L3 Experimental basic definitions
)
(F:\CTEX\MiKTeX\tex\latex\l3kernel\l3expan.sty
Package: l3expan 2012/02/26 v3460 L3 Experimental argument expansion
)
(F:\CTEX\MiKTeX\tex\latex\l3kernel\l3tl.sty
Package: l3tl 2012/02/26 v3460 L3 Experimental token lists
)
(F:\CTEX\MiKTeX\tex\latex\l3kernel\l3seq.sty
Package: l3seq 2012/01/09 v3158 L3 Experimental sequences and stacks
)
(F:\CTEX\MiKTeX\tex\latex\l3kernel\l3int.sty
Package: l3int 2012/02/26 v3460 L3 Experimental integers
\c_max_int=\count81
\l_tmpa_int=\count82
\l_tmpb_int=\count83
\l_tmpc_int=\count84
\g_tmpa_int=\count85
\g_tmpb_int=\count86
)
(F:\CTEX\MiKTeX\tex\latex\l3kernel\l3quark.sty
Package: l3quark 2012/02/12 v3384 L3 Experimental quarks
)
(F:\CTEX\MiKTeX\tex\latex\l3kernel\l3prg.sty
Package: l3prg 2012/02/26 v3464 L3 Experimental control structures
\g_prg_map_int=\count87
)
(F:\CTEX\MiKTeX\tex\latex\l3kernel\l3clist.sty
Package: l3clist 2012/02/26 v3460 L3 Experimental comma separated lists
)
(F:\CTEX\MiKTeX\tex\latex\l3kernel\l3token.sty
Package: l3token 2012/02/26 v3460 L3 Experimental token manipulation
)
(F:\CTEX\MiKTeX\tex\latex\l3kernel\l3prop.sty
Package: l3prop 2012/02/26 v3460 L3 Experimental property lists
)
(F:\CTEX\MiKTeX\tex\latex\l3kernel\l3msg.sty
Package: l3msg 2012/02/26 v3470 L3 Experimental messages
)
(F:\CTEX\MiKTeX\tex\latex\l3kernel\l3file.sty
Package: l3file 2012/02/26 v3464 L3 Experimental file and I/O operations
\l_iow_stream_int=\count88
\l_iow_line_length_int=\count89
\l_iow_target_length_int=\count90
\l_iow_current_line_int=\count91
\l_iow_current_word_int=\count92
\l_iow_current_indentation_int=\count93
)
(F:\CTEX\MiKTeX\tex\latex\l3kernel\l3skip.sty
Package: l3skip 2012/02/26 v3460 L3 Experimental dimensions and skips
\l_tmpa_dim=\dimen102
\l_tmpb_dim=\dimen103
\l_tmpc_dim=\dimen104
\g_tmpa_dim=\dimen105
\g_tmpb_dim=\dimen106
\l_tmpa_skip=\skip41
\l_tmpb_skip=\skip42
\l_tmpc_skip=\skip43
\g_tmpa_skip=\skip44
\g_tmpb_skip=\skip45
)
(F:\CTEX\MiKTeX\tex\latex\l3kernel\l3keys.sty
Package: l3keys 2011/12/22 v3086 L3 Experimental key-value interfaces
\g_keyval_level_int=\count94
\l_keys_choice_int=\count95
)
(F:\CTEX\MiKTeX\tex\latex\l3kernel\l3fp.sty
Package: l3fp 2012/02/06 v3315 L3 Experimental floating-point operations
\c_one_million=\count96
\c_one_hundred_million=\count97
\c_five_hundred_million=\count98
\c_one_thousand_million=\count99
\c_fp_pi_by_four_decimal_int=\count100
\c_fp_pi_by_four_extended_int=\count101
\c_fp_pi_decimal_int=\count102
\c_fp_pi_extended_int=\count103
\c_fp_two_pi_decimal_int=\count104
\c_fp_two_pi_extended_int=\count105
\l_fp_count_int=\count106
\l_fp_div_offset_int=\count107
\l_fp_exp_integer_int=\count108
\l_fp_exp_decimal_int=\count109
\l_fp_exp_extended_int=\count110
\l_fp_exp_exponent_int=\count111
\l_fp_input_a_sign_int=\count112
\l_fp_input_a_integer_int=\count113
\l_fp_input_a_decimal_int=\count114
\l_fp_input_a_exponent_int=\count115
\l_fp_input_b_sign_int=\count116
\l_fp_input_b_integer_int=\count117
\l_fp_input_b_decimal_int=\count118
\l_fp_input_b_exponent_int=\count119
\l_fp_input_a_extended_int=\count120
\l_fp_input_b_extended_int=\count121
\l_fp_mul_a_i_int=\count122
\l_fp_mul_a_ii_int=\count123
\l_fp_mul_a_iii_int=\count124
\l_fp_mul_a_iv_int=\count125
\l_fp_mul_a_v_int=\count126
\l_fp_mul_a_vi_int=\count127
\l_fp_mul_b_i_int=\count128
\l_fp_mul_b_ii_int=\count129
\l_fp_mul_b_iii_int=\count130
\l_fp_mul_b_iv_int=\count131
\l_fp_mul_b_v_int=\count132
\l_fp_mul_b_vi_int=\count133
\l_fp_mul_output_int=\count134
\l_fp_output_sign_int=\count135
\l_fp_output_integer_int=\count136
\l_fp_output_decimal_int=\count137
\l_fp_output_exponent_int=\count138
\l_fp_output_extended_int=\count139
\l_fp_round_position_int=\count140
\l_fp_round_target_int=\count141
\l_fp_split_sign_int=\count142
\l_fp_internal_int=\count143
\l_fp_trig_octant_int=\count144
\l_fp_trig_sign_int=\count145
\l_fp_trig_decimal_int=\count146
\l_fp_trig_extended_int=\count147
\l_fp_internal_dim=\dimen107
\l_fp_internal_skip=\skip46
)
(F:\CTEX\MiKTeX\tex\latex\l3kernel\l3box.sty
Package: l3box 2012/02/18 v3432 L3 Experimental boxes
\l_tmpb_box=\box26
\l_box_top_dim=\dimen108
\l_box_bottom_dim=\dimen109
\l_box_left_dim=\dimen110
\l_box_right_dim=\dimen111
\l_box_top_new_dim=\dimen112
\l_box_bottom_new_dim=\dimen113
\l_box_left_new_dim=\dimen114
\l_box_right_new_dim=\dimen115
\l_box_internal_box=\box27
)
(F:\CTEX\MiKTeX\tex\latex\l3kernel\l3coffins.sty
Package: l3coffins 2012/02/26 v3460 L3 Experimental coffin code layer
\l_coffin_internal_box=\box28
\l_coffin_internal_dim=\dimen116
\l_coffin_offset_x_dim=\dimen117
\l_coffin_offset_y_dim=\dimen118
\l_coffin_x_dim=\dimen119
\l_coffin_y_dim=\dimen120
\l_coffin_x_prime_dim=\dimen121
\l_coffin_y_prime_dim=\dimen122
\l_coffin_Depth_dim=\dimen123
\l_coffin_Height_dim=\dimen124
\l_coffin_TotalHeight_dim=\dimen125
\l_coffin_Width_dim=\dimen126
\c_empty_coffin=\box29
\l_coffin_aligned_coffin=\box30
\l_coffin_aligned_internal_coffin=\box31
\l_coffin_bounding_shift_dim=\dimen127
\l_coffin_left_corner_dim=\dimen128
\l_coffin_right_corner_dim=\dimen129
\l_coffin_bottom_corner_dim=\dimen130
\l_coffin_top_corner_dim=\dimen131
\l_coffin_scaled_total_height_dim=\dimen132
\l_coffin_scaled_width_dim=\dimen133
\l_coffin_display_coffin=\box32
\l_coffin_display_coord_coffin=\box33
\l_coffin_display_pole_coffin=\box34
\l_coffin_display_offset_dim=\dimen134
\l_coffin_display_x_dim=\dimen135
\l_coffin_display_y_dim=\dimen136
)
(F:\CTEX\MiKTeX\tex\latex\l3kernel\l3color.sty
Package: l3color 2011/09/07 v2776 L3 Experimental colour support
)
(F:\CTEX\MiKTeX\tex\latex\l3kernel\l3luatex.sty
Package: l3luatex 2012/02/09 v3355 L3 Experimental LuaTeX-specific functions
\g_cctab_allocate_int=\count148
\g_cctab_stack_int=\count149
))
(F:\CTEX\MiKTeX\tex\latex\l3packages\xparse\xparse.sty
Package: xparse 2012/02/26 v3471 L3 Experimental document command parser
\l_xparse_current_arg_int=\count150
\l_xparse_m_args_int=\count151
\l_xparse_mandatory_args_int=\count152
\l_xparse_processor_int=\count153
\l_xparse_v_nesting_int=\count154
)
(F:\CTEX\MiKTeX\tex\latex\etoolbox\etoolbox.sty
Package: etoolbox 2011/01/03 v2.1 e-TeX tools for LaTeX
\etb@tempcnta=\count155
)
\@bls=\dimen137

(F:\CTEX\MiKTeX\tex\latex\base\article.cls
Document Class: article 2007/10/19 v1.4h Standard LaTeX document class
(F:\CTEX\MiKTeX\tex\latex\base\size12.clo
File: size12.clo 2007/10/19 v1.4h Standard LaTeX file (size option)
)
\c@part=\count156
\c@section=\count157
\c@subsection=\count158
\c@subsubsection=\count159
\c@paragraph=\count160
\c@subparagraph=\count161
\c@figure=\count162
\c@table=\count163
\abovecaptionskip=\skip47
\belowcaptionskip=\skip48
\bibindent=\dimen138
)
(F:\CTEX\MiKTeX\tex\latex\graphics\graphicx.sty
Package: graphicx 1999/02/16 v1.0f Enhanced LaTeX Graphics (DPC,SPQR)

(F:\CTEX\MiKTeX\tex\latex\graphics\keyval.sty
Package: keyval 1999/03/16 v1.13 key=value parser (DPC)
\KV@toks@=\toks14
)
\Gin@req@height=\dimen139
\Gin@req@width=\dimen140
)
\c@tnote=\count164
\c@fnote=\count165
\c@cnote=\count166
\c@ead=\count167
\c@author=\count168
\@eadauthor=\toks15
\c@affn=\count169
.................................................
. LaTeX info: "xparse/define-command"
. 
. Defining document command \ca_organization with arg. spec. 'O{,}m' on line
. 332.
.................................................
.................................................
. LaTeX info: "xparse/define-command"
. 
. Defining document command \ca_postal_code with arg. spec. 'O{,}m' on line
. 337.
.................................................
.................................................
. LaTeX info: "xparse/define-command"
. 
. Defining document command \ca_aff_city with arg. spec. 'O{,}m' on line 342.
.................................................
.................................................
. LaTeX info: "xparse/define-command"
. 
. Defining document command \ca_address_line with arg. spec. 'O{,}m' on line
. 347.
.................................................
.................................................
. LaTeX info: "xparse/define-command"
. 
. Defining document command \ca_state with arg. spec. 'O{,}m' on line 352.
.................................................
.................................................
. LaTeX info: "xparse/define-command"
. 
. Defining document command \ca_country with arg. spec. 'O{}m' on line 357.
.................................................
.................................................
. LaTeX info: "xparse/define-command"
. 
. Defining document command \ca_stm_organization with arg. spec. 'O{,}m' on
. line 362.
.................................................
.................................................
. LaTeX info: "xparse/define-command"
. 
. Defining document command \ca_stm_postal_code with arg. spec. 'O{,}m' on
. line 366.
.................................................
.................................................
. LaTeX info: "xparse/define-command"
. 
. Defining document command \ca_stm_aff_city with arg. spec. 'O{,}m' on line
. 370.
.................................................
.................................................
. LaTeX info: "xparse/define-command"
. 
. Defining document command \ca_stm_aff_address_line with arg. spec. 'O{,}m'
. on line 374.
.................................................
.................................................
. LaTeX info: "xparse/define-command"
. 
. Defining document command \ca_stm_state with arg. spec. 'O{,}m' on line 378.
.................................................
.................................................
. LaTeX info: "xparse/define-command"
. 
. Defining document command \ca_stm_country with arg. spec. 'O{}m' on line
. 382.
.................................................
.................................................
. LaTeX info: "xparse/define-command"
. 
. Defining document command \affiliation with arg. spec. 'om' on line 460.
.................................................
\absbox=\box35
\elsarticlehighlightsbox=\box36
\elsarticlegrabsbox=\box37
\keybox=\box38
\Columnwidth=\dimen141
\space@left=\dimen142
\els@boxa=\box39
\els@boxb=\box40
\leftMargin=\dimen143
\@enLab=\toks16
\@sep=\skip49
\@@sep=\skip50

(F:\æ™ºèƒ½ç®—æ³•\ä¼˜åŒ–\elsarticle-template\EIJ_100486\xuanpaper_text.spl)
(F:\CTEX\MiKTeX\tex\latex\natbib\natbib.sty
Package: natbib 2010/09/13 8.31b (PWD, AO)
\bibhang=\skip51
\bibsep=\skip52
LaTeX Info: Redefining \cite on input line 694.
\c@NAT@ctr=\count170
)
\splwrite=\write3
\appnamewidth=\dimen144
)
(F:\CTEX\MiKTeX\tex\latex\pdfpages\pdfpages.sty
Package: pdfpages 2011/03/10 v0.4n Insert pages of external PDF documents (AM)

(F:\CTEX\MiKTeX\tex\latex\base\ifthen.sty
Package: ifthen 2001/05/26 v1.1c Standard LaTeX ifthen package (DPC)
)
(F:\CTEX\MiKTeX\tex\latex\tools\calc.sty
Package: calc 2007/08/22 v4.3 Infix arithmetic (KKT,FJ)
\calc@Acount=\count171
\calc@Bcount=\count172
\calc@Adimen=\dimen145
\calc@Bdimen=\dimen146
\calc@Askip=\skip53
\calc@Bskip=\skip54
LaTeX Info: Redefining \setlength on input line 76.
LaTeX Info: Redefining \addtolength on input line 77.
\calc@Ccount=\count173
\calc@Cskip=\skip55
)
(F:\CTEX\MiKTeX\tex\latex\eso-pic\eso-pic.sty
Package: eso-pic 2010/10/06 v2.0c eso-pic (RN)

(F:\CTEX\MiKTeX\tex\generic\oberdiek\atbegshi.sty
Package: atbegshi 2011/01/30 v1.15 At begin shipout hook (HO)

(F:\CTEX\MiKTeX\tex\generic\oberdiek\ifpdf.sty
Package: ifpdf 2011/01/30 v2.3 Provides the ifpdf switch (HO)
Package ifpdf Info: pdfTeX in PDF mode is detected.
)))
(F:\CTEX\MiKTeX\tex\latex\pdfpages\pppdftex.def
File: pppdftex.def 2011/03/10 v0.4n Pdfpages driver for pdfTeX (AM)
)
\AM@pagebox=\box41
\AM@toc@title=\toks17
\c@AM@survey=\count174
\AM@templatesizebox=\box42
)
(F:\CTEX\MiKTeX\tex\latex\ams\math\amsmath.sty
Package: amsmath 2000/07/18 v2.13 AMS math features
\@mathmargin=\skip56

For additional information on amsmath, use the `?' option.
(F:\CTEX\MiKTeX\tex\latex\ams\math\amstext.sty
Package: amstext 2000/06/29 v2.01

(F:\CTEX\MiKTeX\tex\latex\ams\math\amsgen.sty
File: amsgen.sty 1999/11/30 v2.0
\@emptytoks=\toks18
\ex@=\dimen147
))
(F:\CTEX\MiKTeX\tex\latex\ams\math\amsbsy.sty
Package: amsbsy 1999/11/29 v1.2d
\pmbraise@=\dimen148
)
(F:\CTEX\MiKTeX\tex\latex\ams\math\amsopn.sty
Package: amsopn 1999/12/14 v2.01 operator names
)
\inf@bad=\count175
LaTeX Info: Redefining \frac on input line 211.
\uproot@=\count176
\leftroot@=\count177
LaTeX Info: Redefining \overline on input line 307.
\classnum@=\count178
\DOTSCASE@=\count179
LaTeX Info: Redefining \ldots on input line 379.
LaTeX Info: Redefining \dots on input line 382.
LaTeX Info: Redefining \cdots on input line 467.
\Mathstrutbox@=\box43
\strutbox@=\box44
\big@size=\dimen149
LaTeX Font Info:    Redeclaring font encoding OML on input line 567.
LaTeX Font Info:    Redeclaring font encoding OMS on input line 568.
\macc@depth=\count180
\c@MaxMatrixCols=\count181
\dotsspace@=\muskip10
\c@parentequation=\count182
\dspbrk@lvl=\count183
\tag@help=\toks19
\row@=\count184
\column@=\count185
\maxfields@=\count186
\andhelp@=\toks20
\eqnshift@=\dimen150
\alignsep@=\dimen151
\tagshift@=\dimen152
\tagwidth@=\dimen153
\totwidth@=\dimen154
\lineht@=\dimen155
\@envbody=\toks21
\multlinegap=\skip57
\multlinetaggap=\skip58
\mathdisplay@stack=\toks22
LaTeX Info: Redefining \[ on input line 2666.
LaTeX Info: Redefining \] on input line 2667.
)
(F:\CTEX\MiKTeX\tex\latex\amsfonts\amssymb.sty
Package: amssymb 2009/06/22 v3.00

(F:\CTEX\MiKTeX\tex\latex\amsfonts\amsfonts.sty
Package: amsfonts 2009/06/22 v3.00 Basic AMSFonts support
\symAMSa=\mathgroup4
\symAMSb=\mathgroup5
LaTeX Font Info:    Overwriting math alphabet `\mathfrak' in version `bold'
(Font)                  U/euf/m/n --> U/euf/b/n on input line 96.
))
(F:\CTEX\MiKTeX\tex\latex\makecell\makecell.sty
Package: makecell 2009/08/03 V0.1e Managing of Tab Column Heads and Cells

(F:\CTEX\MiKTeX\tex\latex\tools\array.sty
Package: array 2008/09/09 v2.4c Tabular extension package (FMi)
\col@sep=\dimen156
\extrarowheight=\dimen157
\NC@list=\toks23
\extratabsurround=\skip59
\backup@length=\skip60
)
\rotheadsize=\dimen158
\c@nlinenum=\count187
\TeXr@lab=\toks24
)
(F:\CTEX\MiKTeX\tex\latex\booktabs\booktabs.sty
Package: booktabs 2005/04/14 v1.61803 publication quality tables
\heavyrulewidth=\dimen159
\lightrulewidth=\dimen160
\cmidrulewidth=\dimen161
\belowrulesep=\dimen162
\belowbottomsep=\dimen163
\aboverulesep=\dimen164
\abovetopsep=\dimen165
\cmidrulesep=\dimen166
\cmidrulekern=\dimen167
\defaultaddspace=\dimen168
\@cmidla=\count188
\@cmidlb=\count189
\@aboverulesep=\dimen169
\@belowrulesep=\dimen170
\@thisruleclass=\count190
\@lastruleclass=\count191
\@thisrulewidth=\dimen171
)
(F:\CTEX\MiKTeX\tex\latex\tools\longtable.sty
Package: longtable 2004/02/01 v4.11 Multi-page Table package (DPC)
\LTleft=\skip61
\LTright=\skip62
\LTpre=\skip63
\LTpost=\skip64
\LTchunksize=\count192
\LTcapwidth=\dimen172
\LT@head=\box45
\LT@firsthead=\box46
\LT@foot=\box47
\LT@lastfoot=\box48
\LT@cols=\count193
\LT@rows=\count194
\c@LT@tables=\count195
\c@LT@chunks=\count196
\LT@p@ftn=\toks25
)
(F:\CTEX\MiKTeX\tex\latex\psnfss\palatino.sty
Package: palatino 2005/04/12 PSNFSS-v9.2a (SPQR) 
)
(F:\CTEX\MiKTeX\tex\latex\pgf\frontendlayer\tikz.sty
(F:\CTEX\MiKTeX\tex\latex\pgf\basiclayer\pgf.sty
(F:\CTEX\MiKTeX\tex\latex\pgf\utilities\pgfrcs.sty
(F:\CTEX\MiKTeX\tex\generic\pgf\utilities\pgfutil-common.tex
\pgfutil@everybye=\toks26
)
(F:\CTEX\MiKTeX\tex\generic\pgf\utilities\pgfutil-latex.def
\pgfutil@abb=\box49

(F:\CTEX\MiKTeX\tex\latex\ms\everyshi.sty
Package: everyshi 2001/05/15 v3.00 EveryShipout Package (MS)
))
(F:\CTEX\MiKTeX\tex\generic\pgf\utilities\pgfrcs.code.tex
Package: pgfrcs 2010/10/25 v2.10 (rcs-revision 1.24)
))
Package: pgf 2008/01/15 v2.10 (rcs-revision 1.12)

(F:\CTEX\MiKTeX\tex\latex\pgf\basiclayer\pgfcore.sty
(F:\CTEX\MiKTeX\tex\latex\pgf\systemlayer\pgfsys.sty
(F:\CTEX\MiKTeX\tex\generic\pgf\systemlayer\pgfsys.code.tex
Package: pgfsys 2010/06/30 v2.10 (rcs-revision 1.37)

(F:\CTEX\MiKTeX\tex\generic\pgf\utilities\pgfkeys.code.tex
\pgfkeys@pathtoks=\toks27
\pgfkeys@temptoks=\toks28

(F:\CTEX\MiKTeX\tex\generic\pgf\utilities\pgfkeysfiltered.code.tex
\pgfkeys@tmptoks=\toks29
))
\pgf@x=\dimen173
\pgf@y=\dimen174
\pgf@xa=\dimen175
\pgf@ya=\dimen176
\pgf@xb=\dimen177
\pgf@yb=\dimen178
\pgf@xc=\dimen179
\pgf@yc=\dimen180
\w@pgf@writea=\write4
\r@pgf@reada=\read1
\c@pgf@counta=\count197
\c@pgf@countb=\count198
\c@pgf@countc=\count199
\c@pgf@countd=\count200

(F:\CTEX\MiKTeX\tex\generic\pgf\systemlayer\pgf.cfg
File: pgf.cfg 2008/05/14  (rcs-revision 1.7)
)
Package pgfsys Info: Driver file for pgf: pgfsys-pdftex.def on input line 900.

(F:\CTEX\MiKTeX\tex\generic\pgf\systemlayer\pgfsys-pdftex.def
File: pgfsys-pdftex.def 2009/05/22  (rcs-revision 1.26)

(F:\CTEX\MiKTeX\tex\generic\pgf\systemlayer\pgfsys-common-pdf.def
File: pgfsys-common-pdf.def 2008/05/19  (rcs-revision 1.10)
)))
(F:\CTEX\MiKTeX\tex\generic\pgf\systemlayer\pgfsyssoftpath.code.tex
File: pgfsyssoftpath.code.tex 2008/07/18  (rcs-revision 1.7)
\pgfsyssoftpath@smallbuffer@items=\count201
Normal \count register pool exhausted, switching to extended pool.
\pgfsyssoftpath@bigbuffer@items=\count277
)
(F:\CTEX\MiKTeX\tex\generic\pgf\systemlayer\pgfsysprotocol.code.tex
File: pgfsysprotocol.code.tex 2006/10/16  (rcs-revision 1.4)
))
(F:\CTEX\MiKTeX\tex\latex\xcolor\xcolor.sty
Package: xcolor 2007/01/21 v2.11 LaTeX color extensions (UK)

(F:\CTEX\MiKTeX\tex\latex\00miktex\color.cfg
File: color.cfg 2007/01/18 v1.5 color configuration of teTeX/TeXLive
)
Package xcolor Info: Driver file: pdftex.def on input line 225.
LaTeX Info: Redefining \color on input line 702.
Package xcolor Info: Model `cmy' substituted by `cmy0' on input line 1337.
Package xcolor Info: Model `hsb' substituted by `rgb' on input line 1341.
Package xcolor Info: Model `RGB' extended on input line 1353.
Package xcolor Info: Model `HTML' substituted by `rgb' on input line 1355.
Package xcolor Info: Model `Hsb' substituted by `hsb' on input line 1356.
Package xcolor Info: Model `tHsb' substituted by `hsb' on input line 1357.
Package xcolor Info: Model `HSB' substituted by `hsb' on input line 1358.
Package xcolor Info: Model `Gray' substituted by `gray' on input line 1359.
Package xcolor Info: Model `wave' substituted by `hsb' on input line 1360.
)
(F:\CTEX\MiKTeX\tex\generic\pgf\basiclayer\pgfcore.code.tex
Package: pgfcore 2010/04/11 v2.10 (rcs-revision 1.7)

(F:\CTEX\MiKTeX\tex\generic\pgf\math\pgfmath.code.tex
(F:\CTEX\MiKTeX\tex\generic\pgf\math\pgfmathcalc.code.tex
(F:\CTEX\MiKTeX\tex\generic\pgf\math\pgfmathutil.code.tex)
(F:\CTEX\MiKTeX\tex\generic\pgf\math\pgfmathparser.code.tex
\pgfmath@dimen=\dimen181
\pgfmath@count=\count278
\pgfmath@box=\box50
\pgfmath@toks=\toks30
\pgfmath@stack@operand=\toks31
\pgfmath@stack@operation=\toks32
)
(F:\CTEX\MiKTeX\tex\generic\pgf\math\pgfmathfunctions.code.tex
(F:\CTEX\MiKTeX\tex\generic\pgf\math\pgfmathfunctions.basic.code.tex)
(F:\CTEX\MiKTeX\tex\generic\pgf\math\pgfmathfunctions.trigonometric.code.tex)
(F:\CTEX\MiKTeX\tex\generic\pgf\math\pgfmathfunctions.random.code.tex)
(F:\CTEX\MiKTeX\tex\generic\pgf\math\pgfmathfunctions.comparison.code.tex)
(F:\CTEX\MiKTeX\tex\generic\pgf\math\pgfmathfunctions.base.code.tex)
(F:\CTEX\MiKTeX\tex\generic\pgf\math\pgfmathfunctions.round.code.tex)
(F:\CTEX\MiKTeX\tex\generic\pgf\math\pgfmathfunctions.misc.code.tex)))
(F:\CTEX\MiKTeX\tex\generic\pgf\math\pgfmathfloat.code.tex
\c@pgfmathroundto@lastzeros=\count279
))
(F:\CTEX\MiKTeX\tex\generic\pgf\basiclayer\pgfcorepoints.code.tex
File: pgfcorepoints.code.tex 2010/04/09  (rcs-revision 1.20)
\pgf@picminx=\dimen182
\pgf@picmaxx=\dimen183
\pgf@picminy=\dimen184
\pgf@picmaxy=\dimen185
\pgf@pathminx=\dimen186
\pgf@pathmaxx=\dimen187
\pgf@pathminy=\dimen188
\pgf@pathmaxy=\dimen189
\pgf@xx=\dimen190
\pgf@xy=\dimen191
\pgf@yx=\dimen192
\pgf@yy=\dimen193
\pgf@zx=\dimen194
\pgf@zy=\dimen195
)
(F:\CTEX\MiKTeX\tex\generic\pgf\basiclayer\pgfcorepathconstruct.code.tex
File: pgfcorepathconstruct.code.tex 2010/08/03  (rcs-revision 1.24)
\pgf@path@lastx=\dimen196
\pgf@path@lasty=\dimen197
)
(F:\CTEX\MiKTeX\tex\generic\pgf\basiclayer\pgfcorepathusage.code.tex
File: pgfcorepathusage.code.tex 2008/04/22  (rcs-revision 1.12)
\pgf@shorten@end@additional=\dimen198
\pgf@shorten@start@additional=\dimen199
)
(F:\CTEX\MiKTeX\tex\generic\pgf\basiclayer\pgfcorescopes.code.tex
File: pgfcorescopes.code.tex 2010/09/08  (rcs-revision 1.34)
\pgfpic=\box51
\pgf@hbox=\box52
\pgf@layerbox@main=\box53
\pgf@picture@serial@count=\count280
)
(F:\CTEX\MiKTeX\tex\generic\pgf\basiclayer\pgfcoregraphicstate.code.tex
File: pgfcoregraphicstate.code.tex 2008/04/22  (rcs-revision 1.9)
\pgflinewidth=\dimen200
)
(F:\CTEX\MiKTeX\tex\generic\pgf\basiclayer\pgfcoretransformations.code.tex
File: pgfcoretransformations.code.tex 2009/06/10  (rcs-revision 1.11)
\pgf@pt@x=\dimen201
Normal \dimen register pool exhausted, switching to extended pool.
\pgf@pt@y=\dimen256
\pgf@pt@temp=\dimen257
)
(F:\CTEX\MiKTeX\tex\generic\pgf\basiclayer\pgfcorequick.code.tex
File: pgfcorequick.code.tex 2008/10/09  (rcs-revision 1.3)
)
(F:\CTEX\MiKTeX\tex\generic\pgf\basiclayer\pgfcoreobjects.code.tex
File: pgfcoreobjects.code.tex 2006/10/11  (rcs-revision 1.2)
)
(F:\CTEX\MiKTeX\tex\generic\pgf\basiclayer\pgfcorepathprocessing.code.tex
File: pgfcorepathprocessing.code.tex 2008/10/09  (rcs-revision 1.8)
)
(F:\CTEX\MiKTeX\tex\generic\pgf\basiclayer\pgfcorearrows.code.tex
File: pgfcorearrows.code.tex 2008/04/23  (rcs-revision 1.11)
)
(F:\CTEX\MiKTeX\tex\generic\pgf\basiclayer\pgfcoreshade.code.tex
File: pgfcoreshade.code.tex 2008/11/23  (rcs-revision 1.13)
\pgf@max=\dimen258
\pgf@sys@shading@range@num=\count281
)
(F:\CTEX\MiKTeX\tex\generic\pgf\basiclayer\pgfcoreimage.code.tex
File: pgfcoreimage.code.tex 2010/03/25  (rcs-revision 1.16)

(F:\CTEX\MiKTeX\tex\generic\pgf\basiclayer\pgfcoreexternal.code.tex
File: pgfcoreexternal.code.tex 2010/09/01  (rcs-revision 1.17)
\pgfexternal@startupbox=\box54
))
(F:\CTEX\MiKTeX\tex\generic\pgf\basiclayer\pgfcorelayers.code.tex
File: pgfcorelayers.code.tex 2010/08/27  (rcs-revision 1.2)
)
(F:\CTEX\MiKTeX\tex\generic\pgf\basiclayer\pgfcoretransparency.code.tex
File: pgfcoretransparency.code.tex 2008/01/17  (rcs-revision 1.2)
)
(F:\CTEX\MiKTeX\tex\generic\pgf\basiclayer\pgfcorepatterns.code.tex
File: pgfcorepatterns.code.tex 2009/07/02  (rcs-revision 1.3)
)))
(F:\CTEX\MiKTeX\tex\generic\pgf\modules\pgfmoduleshapes.code.tex
File: pgfmoduleshapes.code.tex 2010/09/09  (rcs-revision 1.13)
\pgfnodeparttextbox=\box55
)
(F:\CTEX\MiKTeX\tex\generic\pgf\modules\pgfmoduleplot.code.tex
File: pgfmoduleplot.code.tex 2010/10/22  (rcs-revision 1.8)
)
(F:\CTEX\MiKTeX\tex\latex\pgf\compatibility\pgfcomp-version-0-65.sty
Package: pgfcomp-version-0-65 2007/07/03 v2.10 (rcs-revision 1.7)
\pgf@nodesepstart=\dimen259
\pgf@nodesepend=\dimen260
)
(F:\CTEX\MiKTeX\tex\latex\pgf\compatibility\pgfcomp-version-1-18.sty
Package: pgfcomp-version-1-18 2007/07/23 v2.10 (rcs-revision 1.1)
))
(F:\CTEX\MiKTeX\tex\latex\pgf\utilities\pgffor.sty
(F:\CTEX\MiKTeX\tex\latex\pgf\utilities\pgfkeys.sty
(F:\CTEX\MiKTeX\tex\generic\pgf\utilities\pgfkeys.code.tex))
(F:\CTEX\MiKTeX\tex\generic\pgf\utilities\pgffor.code.tex
Package: pgffor 2010/03/23 v2.10 (rcs-revision 1.18)
\pgffor@iter=\dimen261
\pgffor@skip=\dimen262
\pgffor@stack=\toks33
\pgffor@toks=\toks34
))
(F:\CTEX\MiKTeX\tex\generic\pgf\frontendlayer\tikz\tikz.code.tex
Package: tikz 2010/10/13 v2.10 (rcs-revision 1.76)

(F:\CTEX\MiKTeX\tex\generic\pgf\libraries\pgflibraryplothandlers.code.tex
File: pgflibraryplothandlers.code.tex 2010/05/31 v2.10 (rcs-revision 1.15)
\pgf@plot@mark@count=\count282
\pgfplotmarksize=\dimen263
)
\tikz@lastx=\dimen264
\tikz@lasty=\dimen265
\tikz@lastxsaved=\dimen266
\tikz@lastysaved=\dimen267
\tikzleveldistance=\dimen268
\tikzsiblingdistance=\dimen269
\tikz@figbox=\box56
\tikz@tempbox=\box57
\tikztreelevel=\count283
\tikznumberofchildren=\count284
\tikznumberofcurrentchild=\count285
\tikz@fig@count=\count286

(F:\CTEX\MiKTeX\tex\generic\pgf\modules\pgfmodulematrix.code.tex
File: pgfmodulematrix.code.tex 2010/08/24  (rcs-revision 1.4)
\pgfmatrixcurrentrow=\count287
\pgfmatrixcurrentcolumn=\count288
\pgf@matrix@numberofcolumns=\count289
)
\tikz@expandcount=\count290

(F:\CTEX\MiKTeX\tex\generic\pgf\frontendlayer\tikz\libraries\tikzlibrarytopaths
.code.tex
File: tikzlibrarytopaths.code.tex 2008/06/17 v2.10 (rcs-revision 1.2)
)))
(F:\CTEX\MiKTeX\tex\generic\pgf\frontendlayer\tikz\libraries\tikzlibraryshapes.
geometric.code.tex
File: tikzlibraryshapes.geometric.code.tex 2008/01/09 v2.10 (rcs-revision 1.1)

(F:\CTEX\MiKTeX\tex\generic\pgf\libraries\shapes\pgflibraryshapes.geometric.cod
e.tex
File: pgflibraryshapes.geometric.code.tex 2008/06/26 v2.10 (rcs-revision 1.1)
))
(F:\CTEX\MiKTeX\tex\generic\pgf\frontendlayer\tikz\libraries\tikzlibraryarrows.
code.tex
File: tikzlibraryarrows.code.tex 2008/01/09 v2.10 (rcs-revision 1.1)
 (F:\CTEX\MiKTeX\tex\generic\pgf\libraries\pgflibraryarrows.code.tex
File: pgflibraryarrows.code.tex 2008/10/27 v2.10 (rcs-revision 1.9)
\arrowsize=\dimen270
))
(F:\CTEX\MiKTeX\tex\generic\pgf\frontendlayer\tikz\libraries\tikzlibraryshapes.
code.tex
File: tikzlibraryshapes.code.tex 2008/01/09 v2.10 (rcs-revision 1.1)

(F:\CTEX\MiKTeX\tex\generic\pgf\frontendlayer\tikz\libraries\tikzlibraryshapes.
misc.code.tex
File: tikzlibraryshapes.misc.code.tex 2008/01/09 v2.10 (rcs-revision 1.1)

(F:\CTEX\MiKTeX\tex\generic\pgf\libraries\shapes\pgflibraryshapes.misc.code.tex
File: pgflibraryshapes.misc.code.tex 2008/10/07 v2.10 (rcs-revision 1.3)
))
(F:\CTEX\MiKTeX\tex\generic\pgf\frontendlayer\tikz\libraries\tikzlibraryshapes.
symbols.code.tex
File: tikzlibraryshapes.symbols.code.tex 2008/01/09 v2.10 (rcs-revision 1.1)

(F:\CTEX\MiKTeX\tex\generic\pgf\libraries\shapes\pgflibraryshapes.symbols.code.
tex
File: pgflibraryshapes.symbols.code.tex 2009/10/27 v2.10 (rcs-revision 1.3)
))
(F:\CTEX\MiKTeX\tex\generic\pgf\frontendlayer\tikz\libraries\tikzlibraryshapes.
arrows.code.tex
File: tikzlibraryshapes.arrows.code.tex 2008/01/09 v2.10 (rcs-revision 1.1)

(F:\CTEX\MiKTeX\tex\generic\pgf\libraries\shapes\pgflibraryshapes.arrows.code.t
ex
File: pgflibraryshapes.arrows.code.tex 2008/06/26 v2.10 (rcs-revision 1.1)
))
(F:\CTEX\MiKTeX\tex\generic\pgf\frontendlayer\tikz\libraries\tikzlibraryshapes.
callouts.code.tex
(F:\CTEX\MiKTeX\tex\generic\pgf\libraries\shapes\pgflibraryshapes.callouts.code
.tex))
(F:\CTEX\MiKTeX\tex\generic\pgf\frontendlayer\tikz\libraries\tikzlibraryshapes.
multipart.code.tex
File: tikzlibraryshapes.multipart.code.tex 2008/01/09 v2.10 (rcs-revision 1.1)

(F:\CTEX\MiKTeX\tex\generic\pgf\libraries\shapes\pgflibraryshapes.multipart.cod
e.tex
File: pgflibraryshapes.multipart.code.tex 2010/01/07 v2.10 (rcs-revision 1.2)
\pgfnodepartlowerbox=\box58
\pgfnodeparttwobox=\box59
\pgfnodepartthreebox=\box60
\pgfnodepartfourbox=\box61
\pgfnodeparttwentybox=\box62
\pgfnodepartnineteenbox=\box63
\pgfnodeparteighteenbox=\box64
\pgfnodepartseventeenbox=\box65
\pgfnodepartsixteenbox=\box66
\pgfnodepartfifteenbox=\box67
\pgfnodepartfourteenbox=\box68
\pgfnodepartthirteenbox=\box69
\pgfnodeparttwelvebox=\box70
\pgfnodepartelevenbox=\box71
\pgfnodeparttenbox=\box72
\pgfnodepartninebox=\box73
\pgfnodeparteightbox=\box74
\pgfnodepartsevenbox=\box75
\pgfnodepartsixbox=\box76
\pgfnodepartfivebox=\box77
)))
(F:\CTEX\MiKTeX\tex\generic\pgf\frontendlayer\tikz\libraries\tikzlibrarychains.
code.tex
File: tikzlibrarychains.code.tex 2008/02/27 v2.10 (rcs-revision 1.5)

(F:\CTEX\MiKTeX\tex\generic\pgf\frontendlayer\tikz\libraries\tikzlibrarypositio
ning.code.tex
File: tikzlibrarypositioning.code.tex 2008/10/06 v2.10 (rcs-revision 1.7)
)) (F:\CTEX\MiKTeX\tex\latex\geometry\geometry.sty
Package: geometry 2010/09/12 v5.6 Page Geometry

(F:\CTEX\MiKTeX\tex\generic\oberdiek\ifvtex.sty
Package: ifvtex 2010/03/01 v1.5 Switches for detecting VTeX and its modes (HO)
Package ifvtex Info: VTeX not detected.
)
(F:\CTEX\MiKTeX\tex\generic\ifxetex\ifxetex.sty
Package: ifxetex 2010/09/12 v0.6 Provides ifxetex conditional
)
\Gm@cnth=\count291
\Gm@cntv=\count292
\c@Gm@tempcnt=\count293
\Gm@bindingoffset=\dimen271
\Gm@wd@mp=\dimen272
\Gm@odd@mp=\dimen273
\Gm@even@mp=\dimen274
\Gm@layoutwidth=\dimen275
\Gm@layoutheight=\dimen276
\Gm@layouthoffset=\dimen277
\Gm@layoutvoffset=\dimen278
\Gm@dimlist=\toks35

(F:\CTEX\MiKTeX\tex\latex\geometry\geometry.cfg))
(F:\æ™ºèƒ½ç®—æ³•\ä¼˜åŒ–\elsarticle-template\EIJ_100486\xuanpaper_text.aux)
LaTeX Font Info:    Checking defaults for OML/cmm/m/it on input line 62.
LaTeX Font Info:    ... okay on input line 62.
LaTeX Font Info:    Checking defaults for T1/cmr/m/n on input line 62.
LaTeX Font Info:    ... okay on input line 62.
LaTeX Font Info:    Checking defaults for OT1/cmr/m/n on input line 62.
LaTeX Font Info:    ... okay on input line 62.
LaTeX Font Info:    Checking defaults for OMS/cmsy/m/n on input line 62.
LaTeX Font Info:    ... okay on input line 62.
LaTeX Font Info:    Checking defaults for OMX/cmex/m/n on input line 62.
LaTeX Font Info:    ... okay on input line 62.
LaTeX Font Info:    Checking defaults for U/cmr/m/n on input line 62.
LaTeX Font Info:    ... okay on input line 62.
LaTeX Font Info:    Try loading font information for OT1+ppl on input line 62.

(F:\CTEX\MiKTeX\tex\latex\psnfss\ot1ppl.fd
File: ot1ppl.fd 2001/06/04 font definitions for OT1/ppl.
)
(F:\CTEX\MiKTeX\tex\context\base\supp-pdf.mkii
[Loading MPS to PDF converter (version 2006.09.02).]
\scratchcounter=\count294
\scratchdimen=\dimen279
\scratchbox=\box78
\nofMPsegments=\count295
\nofMParguments=\count296
\everyMPshowfont=\toks36
\MPscratchCnt=\count297
\MPscratchDim=\dimen280
\MPnumerator=\count298
\makeMPintoPDFobject=\count299
\everyMPtoPDFconversion=\toks37
)
\AtBeginShipoutBox=\box79
 ABD: EveryShipout initializing macros
*geometry* driver: auto-detecting
*geometry* detected driver: pdftex
*geometry* verbose mode - [ preamble ] result:
* driver: pdftex
* paper: custom
* layout: <same size as paper>
* layoutoffset:(h,v)=(0.0pt,0.0pt)
* modes: 
* h-part:(L,W,R)=(30.0pt, 540.0pt, 30.0pt)
* v-part:(T,H,B)=(70.0pt, 711.0pt, 72.0pt)
* \paperwidth=600.0pt
* \paperheight=853.0pt
* \textwidth=540.0pt
* \textheight=711.0pt
* \oddsidemargin=-42.26999pt
* \evensidemargin=-42.26999pt
* \topmargin=-39.26999pt
* \headheight=12.0pt
* \headsep=25.0pt
* \topskip=12.0pt
* \footskip=30.0pt
* \marginparwidth=35.0pt
* \marginparsep=10.0pt
* \columnsep=10.0pt
* \skip\footins=24.0pt
* \hoffset=0.0pt
* \voffset=0.0pt
* \mag=1000
* \@twocolumnfalse
* \@twosidefalse
* \@mparswitchfalse
* \@reversemarginfalse
* (1in=72.27pt=25.4mm, 1cm=28.453pt)

LaTeX Font Info:    Font shape `OT1/ppl/bx/n' in size <12> not available
(Font)              Font shape `OT1/ppl/b/n' tried instead on input line 125.
LaTeX Font Info:    Try loading font information for U+msa on input line 164.
(F:\CTEX\MiKTeX\tex\latex\amsfonts\umsa.fd
File: umsa.fd 2009/06/22 v3.00 AMS symbols A
)
LaTeX Font Info:    Try loading font information for U+msb on input line 164.

(F:\CTEX\MiKTeX\tex\latex\amsfonts\umsb.fd
File: umsb.fd 2009/06/22 v3.00 AMS symbols B
)
Missing character: There is no ¨ in font pplr7t!
Missing character: There is no ¦ in font pplr7t!

Overfull \hbox (2.28003pt too wide) has occurred while \output is active
[] 
 []

[1


{F:/CTEX/UserData/pdftex/config/pdftex.map{Unicode.sfd}{UGBK.sfd}}] [2]
[3] [4] [5] [6] [7] [8] [9]
Missing character: There is no ¡ in font pplr7t!
Missing character: There is no ¯ in font pplr7t!
Missing character: There is no ¡ in font pplr7t!
Missing character: There is no ¯ in font pplr7t!
Missing character: There is no ¡ in font pplr7t!
Missing character: There is no ¯ in font pplr7t!
Missing character: There is no ¡ in font pplr7t!
Missing character: There is no ¯ in font pplr7t!
Missing character: There is no ¡ in font cmr12!
Missing character: There is no Ö in font cmr12!
Missing character: There is no ¡ in font pplr7t!
Missing character: There is no ¯ in font pplr7t!
Missing character: There is no ¡ in font pplr7t!
Missing character: There is no ¯ in font pplr7t!
Missing character: There is no ¡ in font pplr7t!
Missing character: There is no ¯ in font pplr7t!
Missing character: There is no ¡ in font pplr7t!
Missing character: There is no ¯ in font pplr7t!
Missing character: There is no ¡ in font pplr7t!
Missing character: There is no ¯ in font pplr7t!

Overfull \hbox (12.331pt too wide) in paragraph at lines 726--740
\OT1/ppl/m/n/12 PU.The code can be down-load from https://www.mathworks.com/mat
labcentral/fileexchange/166146-
 []

[10]
Overfull \hbox (14.4701pt too wide) in paragraph at lines 762--793
 [][] 
 []


LaTeX Warning: Float too large for page by 4.92152pt on input line 793.

<image/f1.png, id=48, 526.96875pt x 395.22656pt>
File: image/f1.png Graphic file (type png)
 <use image/f1.png>
Package pdftex.def Info: image/f1.png used on input line 818.
(pdftex.def)             Requested size: 162.00165pt x 121.49977pt.

<image/f2.png, id=49, 526.96875pt x 395.22656pt>
File: image/f2.png Graphic file (type png)
 <use image/f2.png>
Package pdftex.def Info: image/f2.png used on input line 819.
(pdftex.def)             Requested size: 162.00165pt x 121.49977pt.

<image/f3.png, id=50, 526.96875pt x 395.22656pt>
File: image/f3.png Graphic file (type png)
 <use image/f3.png>
Package pdftex.def Info: image/f3.png used on input line 820.
(pdftex.def)             Requested size: 162.00165pt x 121.49977pt.

<image/f4.png, id=51, 526.96875pt x 395.22656pt>
File: image/f4.png Graphic file (type png)
 <use image/f4.png>
Package pdftex.def Info: image/f4.png used on input line 821.
(pdftex.def)             Requested size: 162.00165pt x 121.49977pt.

<image/f5.png, id=52, 526.96875pt x 395.22656pt>
File: image/f5.png Graphic file (type png)
 <use image/f5.png>
Package pdftex.def Info: image/f5.png used on input line 822.
(pdftex.def)             Requested size: 162.00165pt x 121.49977pt.

<image/f6.png, id=53, 526.96875pt x 395.22656pt>
File: image/f6.png Graphic file (type png)
 <use image/f6.png>
Package pdftex.def Info: image/f6.png used on input line 823.
(pdftex.def)             Requested size: 162.00165pt x 121.49977pt.

<image/f7.png, id=54, 526.96875pt x 395.22656pt>
File: image/f7.png Graphic file (type png)
 <use image/f7.png>
Package pdftex.def Info: image/f7.png used on input line 824.
(pdftex.def)             Requested size: 162.00165pt x 121.49977pt.

<image/f8.png, id=55, 526.96875pt x 395.22656pt>
File: image/f8.png Graphic file (type png)
 <use image/f8.png>
Package pdftex.def Info: image/f8.png used on input line 825.
(pdftex.def)             Requested size: 162.00165pt x 121.49977pt.

<image/f9.png, id=56, 526.96875pt x 395.22656pt>
File: image/f9.png Graphic file (type png)
 <use image/f9.png>
Package pdftex.def Info: image/f9.png used on input line 826.
(pdftex.def)             Requested size: 162.00165pt x 121.49977pt.

<image/f10.png, id=57, 526.96875pt x 395.22656pt>
File: image/f10.png Graphic file (type png)
 <use image/f10.png>
Package pdftex.def Info: image/f10.png used on input line 827.
(pdftex.def)             Requested size: 162.00165pt x 121.49977pt.

<image/f11.png, id=58, 526.96875pt x 395.22656pt>
File: image/f11.png Graphic file (type png)
 <use image/f11.png>
Package pdftex.def Info: image/f11.png used on input line 828.
(pdftex.def)             Requested size: 162.00165pt x 121.49977pt.

<image/f12.png, id=59, 526.96875pt x 395.22656pt>
File: image/f12.png Graphic file (type png)
 <use image/f12.png>
Package pdftex.def Info: image/f12.png used on input line 829.
(pdftex.def)             Requested size: 162.00165pt x 121.49977pt.

<image/f13.png, id=60, 526.96875pt x 395.22656pt>
File: image/f13.png Graphic file (type png)
 <use image/f13.png>
Package pdftex.def Info: image/f13.png used on input line 830.
(pdftex.def)             Requested size: 162.00165pt x 121.49977pt.

<image/f14.png, id=61, 526.96875pt x 395.22656pt>
File: image/f14.png Graphic file (type png)
 <use image/f14.png>
Package pdftex.def Info: image/f14.png used on input line 831.
(pdftex.def)             Requested size: 162.00165pt x 121.49977pt.

<image/f15.png, id=62, 526.96875pt x 395.22656pt>
File: image/f15.png Graphic file (type png)
 <use image/f15.png>
Package pdftex.def Info: image/f15.png used on input line 832.
(pdftex.def)             Requested size: 162.00165pt x 121.49977pt.

<image/f16.png, id=63, 526.96875pt x 395.22656pt>
File: image/f16.png Graphic file (type png)
 <use image/f16.png>
Package pdftex.def Info: image/f16.png used on input line 841.
(pdftex.def)             Requested size: 162.00165pt x 121.49977pt.

<image/f17.png, id=64, 526.96875pt x 395.22656pt>
File: image/f17.png Graphic file (type png)
 <use image/f17.png>
Package pdftex.def Info: image/f17.png used on input line 842.
(pdftex.def)             Requested size: 162.00165pt x 121.49977pt.

<image/f18.png, id=65, 526.96875pt x 395.22656pt>
File: image/f18.png Graphic file (type png)
 <use image/f18.png>
Package pdftex.def Info: image/f18.png used on input line 843.
(pdftex.def)             Requested size: 162.00165pt x 121.49977pt.

<image/f19.png, id=66, 526.96875pt x 395.22656pt>
File: image/f19.png Graphic file (type png)
 <use image/f19.png>
Package pdftex.def Info: image/f19.png used on input line 844.
(pdftex.def)             Requested size: 162.00165pt x 121.49977pt.

<image/f20.png, id=67, 526.96875pt x 395.22656pt>
File: image/f20.png Graphic file (type png)
 <use image/f20.png>
Package pdftex.def Info: image/f20.png used on input line 845.
(pdftex.def)             Requested size: 162.00165pt x 121.49977pt.

<image/f21.png, id=68, 526.96875pt x 395.22656pt>
File: image/f21.png Graphic file (type png)
 <use image/f21.png>
Package pdftex.def Info: image/f21.png used on input line 846.
(pdftex.def)             Requested size: 162.00165pt x 121.49977pt.

<image/f22.png, id=69, 526.96875pt x 395.22656pt>
File: image/f22.png Graphic file (type png)
 <use image/f22.png>
Package pdftex.def Info: image/f22.png used on input line 847.
(pdftex.def)             Requested size: 162.00165pt x 121.49977pt.

<image/f23.png, id=70, 526.96875pt x 395.22656pt>
File: image/f23.png Graphic file (type png)
 <use image/f23.png>
Package pdftex.def Info: image/f23.png used on input line 848.
(pdftex.def)             Requested size: 162.00165pt x 121.49977pt.

Underfull \hbox (badness 10000) in paragraph at lines 841--849
[][] [] []
 []


Underfull \hbox (badness 10000) in paragraph at lines 841--849
[] [] []
 []

[11] [12] [13 <F:/æ™ºèƒ½ç®—æ³•/ä¼˜åŒ–/elsarticle-template/EIJ_100486/image/f1.p
ng (PNG copy)> <F:/æ™ºèƒ½ç®—æ³•/ä¼˜åŒ–/elsarticle-template/EIJ_100486/image/f2.
png (PNG copy)> <F:/æ™ºèƒ½ç®—æ³•/ä¼˜åŒ–/elsarticle-template/EIJ_100486/image/f3
.png (PNG copy)> <F:/æ™ºèƒ½ç®—æ³•/ä¼˜åŒ–/elsarticle-template/EIJ_100486/image/f
4.png (PNG copy)> <F:/æ™ºèƒ½ç®—æ³•/ä¼˜åŒ–/elsarticle-template/EIJ_100486/image/
f5.png (PNG copy)> <F:/æ™ºèƒ½ç®—æ³•/ä¼˜åŒ–/elsarticle-template/EIJ_100486/image
/f6.png (PNG copy)> <F:/æ™ºèƒ½ç®—æ³•/ä¼˜åŒ–/elsarticle-template/EIJ_100486/imag
e/f7.png (PNG copy)> <F:/æ™ºèƒ½ç®—æ³•/ä¼˜åŒ–/elsarticle-template/EIJ_100486/ima
ge/f8.png (PNG copy)> <F:/æ™ºèƒ½ç®—æ³•/ä¼˜åŒ–/elsarticle-template/EIJ_100486/im
age/f9.png (PNG copy)> <F:/æ™ºèƒ½ç®—æ³•/ä¼˜åŒ–/elsarticle-template/EIJ_100486/i
mage/f10.png (PNG copy)> <F:/æ™ºèƒ½ç®—æ³•/ä¼˜åŒ–/elsarticle-template/EIJ_100486
/image/f11.png (PNG copy)> <F:/æ™ºèƒ½ç®—æ³•/ä¼˜åŒ–/elsarticle-template/EIJ_1004
86/image/f12.png (PNG copy)> <F:/æ™ºèƒ½ç®—æ³•/ä¼˜åŒ–/elsarticle-template/EIJ_10
0486/image/f13.png (PNG copy)> <F:/æ™ºèƒ½ç®—æ³•/ä¼˜åŒ–/elsarticle-template/EIJ_
100486/image/f14.png (PNG copy)> <F:/æ™ºèƒ½ç®—æ³•/ä¼˜åŒ–/elsarticle-template/EI
J_100486/image/f15.png (PNG copy)>] [14 <F:/æ™ºèƒ½ç®—æ³•/ä¼˜åŒ–/elsarticle-temp
late/EIJ_100486/image/f16.png (PNG copy)> <F:/æ™ºèƒ½ç®—æ³•/ä¼˜åŒ–/elsarticle-te
mplate/EIJ_100486/image/f17.png (PNG copy)> <F:/æ™ºèƒ½ç®—æ³•/ä¼˜åŒ–/elsarticle-
template/EIJ_100486/image/f18.png (PNG copy)> <F:/æ™ºèƒ½ç®—æ³•/ä¼˜åŒ–/elsarticl
e-template/EIJ_100486/image/f19.png (PNG copy)> <F:/æ™ºèƒ½ç®—æ³•/ä¼˜åŒ–/elsarti
cle-template/EIJ_100486/image/f20.png (PNG copy)> <F:/æ™ºèƒ½ç®—æ³•/ä¼˜åŒ–/elsar
ticle-template/EIJ_100486/image/f21.png (PNG copy)> <F:/æ™ºèƒ½ç®—æ³•/ä¼˜åŒ–/els
article-template/EIJ_100486/image/f22.png (PNG copy)> <F:/æ™ºèƒ½ç®—æ³•/ä¼˜åŒ–/e
lsarticle-template/EIJ_100486/image/f23.png (PNG copy)>]
Missing character: There is no ¡ in font pplr7t!
Missing character: There is no ¯ in font pplr7t!
Missing character: There is no ¡ in font pplr7t!
Missing character: There is no ¯ in font pplr7t!
Missing character: There is no ¡ in font pplr7t!
Missing character: There is no ¯ in font pplr7t!
Missing character: There is no ¡ in font pplr7t!
Missing character: There is no ¯ in font pplr7t!

Overfull \hbox (19.04617pt too wide) in paragraph at lines 883--904
 [][] 
 []


Overfull \hbox (11.1462pt too wide) in paragraph at lines 909--930
 [][] 
 []

[15]
Missing character: There is no ¡ in font pplr7t!
Missing character: There is no ¯ in font pplr7t!
 [16] [17] [18] [19]
Overfull \hbox (18.14168pt too wide) in paragraph at lines 1187--1216
 [][] 
 []

<image/ff1.png, id=100, 384.6872pt x 267.24844pt>
File: image/ff1.png Graphic file (type png)
 <use image/ff1.png>
Package pdftex.def Info: image/ff1.png used on input line 1271.
(pdftex.def)             Requested size: 162.00165pt x 112.54533pt.

<image/ff2.png, id=101, 395.22656pt x 261.97874pt>
File: image/ff2.png Graphic file (type png)
 <use image/ff2.png>
Package pdftex.def Info: image/ff2.png used on input line 1272.
(pdftex.def)             Requested size: 162.00165pt x 107.38399pt.

<image/ff3.png, id=102, 359.84438pt x 261.97874pt>
File: image/ff3.png Graphic file (type png)
 <use image/ff3.png>
Package pdftex.def Info: image/ff3.png used on input line 1273.
(pdftex.def)             Requested size: 162.00165pt x 117.9453pt.

Overfull \hbox (5.8477pt too wide) in paragraph at lines 1301--1306
[]\OT1/ppl/m/n/12 This work was fi-nan-cial-ly sup-port-ed by the Na-tion-al Na
t-u-ral Sci-ence Foun-da-tion of Chi-na (62062011,
 []

[20 <F:/æ™ºèƒ½ç®—æ³•/ä¼˜åŒ–/elsarticle-template/EIJ_100486/image/ff1.png (PNG c
opy)> <F:/æ™ºèƒ½ç®—æ³•/ä¼˜åŒ–/elsarticle-template/EIJ_100486/image/ff2.png (PNG
 copy)> <F:/æ™ºèƒ½ç®—æ³•/ä¼˜åŒ–/elsarticle-template/EIJ_100486/image/ff3.png (P
NG copy)>] [21] [22]
Underfull \hbox (badness 2600) in paragraph at lines 1332--1333
[]\OT1/ppl/m/n/12 [5]Nssibi, M., Mani-ta, G., Ko-r-baa, O.. Ad-vances in nature
-inspired meta-heuris-tic op-ti-miza-
 []


Underfull \hbox (badness 3849) in paragraph at lines 1332--1333
\OT1/ppl/m/n/12 tion for fea-ture s-e-lec-tion prob-lem: A com-pre-hen-sive sur
-vey. Com-put-er Sci-ence Re-view,
 []

Missing character: There is no ¨ in font pplr7t!

Underfull \hbox (badness 1383) in paragraph at lines 1360--1361
[]\OT1/ppl/m/n/12 [19]Faramarzi, A., Hei-darine-jad, M., Mir-jalil-i, S.,Gandom
i, A. H.. Ma-rine Preda-tors Al-go-rith-
 []


Underfull \hbox (badness 1681) in paragraph at lines 1360--1361
\OT1/ppl/m/n/12 m: A Nature-inspired Meta-heuris-tic. Ex-pert Sys-tem-s with Ap
-pli-ca-tion-s, vol.152,2020, http-
 []

[23]
Missing character: There is no ¨ in font pplr7t!
Missing character: There is no ¨ in font pplr7t!
Missing character: There is no ¨ in font pplr7t!
 [24]
Missing character: There is no £ in font pplr7t!
Missing character: There is no ¬ in font pplr7t!
 [25]
(F:\æ™ºèƒ½ç®—æ³•\ä¼˜åŒ–\elsarticle-template\EIJ_100486\xuanpaper_text.aux) ) 
Here is how much of TeX's memory you used:
 20142 strings out of 495354
 375953 string characters out of 3183859
 529772 words of memory out of 3000000
 22884 multiletter control sequences out of 15000+200000
 17311 words of font info for 51 fonts, out of 3000000 for 9000
 14 hyphenation exceptions out of 8191
 56i,27n,56p,8698b,750s stack positions out of 5000i,500n,10000p,200000b,50000s
{F:
/CTEX/MiKTeX/fonts/enc/dvips/fontname/8r.enc}<F:/CTEX/MiKTeX/fonts/type1/public
/amsfonts/cm/cmex10.pfb><F:/CTEX/MiKTeX/fonts/type1/public/amsfonts/cm/cmmi12.p
fb><F:/CTEX/MiKTeX/fonts/type1/public/amsfonts/cm/cmmi6.pfb><F:/CTEX/MiKTeX/fon
ts/type1/public/amsfonts/cm/cmmi8.pfb><F:/CTEX/MiKTeX/fonts/type1/public/amsfon
ts/cm/cmr12.pfb><F:/CTEX/MiKTeX/fonts/type1/public/amsfonts/cm/cmr6.pfb><F:/CTE
X/MiKTeX/fonts/type1/public/amsfonts/cm/cmr8.pfb><F:/CTEX/MiKTeX/fonts/type1/pu
blic/amsfonts/cm/cmsy10.pfb><F:/CTEX/MiKTeX/fonts/type1/public/amsfonts/cm/cmsy
8.pfb><F:/CTEX/MiKTeX/fonts/type1/urw/palatino/uplb8a.pfb><F:/CTEX/MiKTeX/fonts
/type1/urw/palatino/uplr8a.pfb><F:/CTEX/MiKTeX/fonts/type1/urw/palatino/uplri8a
.pfb>
Output written on xuanpaper_text.pdf (25 pages, 904004 bytes).
PDF statistics:
 161 PDF objects out of 1000 (max. 8388607)
 0 named destinations out of 1000 (max. 500000)
 143 words of extra memory for PDF output out of 10000 (max. 10000000)

